<?xml version="1.0" encoding="UTF-8"?>
<testsuite xmlns:xsi="http://www.w3.org/2001/XMLSchema-instance" xsi:noNamespaceSchemaLocation="https://maven.apache.org/surefire/maven-surefire-plugin/xsd/surefire-test-report.xsd" name="com.hexaware.trainer.EmployTest" time="0.273" tests="3" errors="0" skipped="0" failures="0">
  <properties>
[...]
</properties>
  <testcase name="testListCount" classname="com.hexaware.trainer.EmployTest" time="0.188"/>
  <testcase name="testListAllEmpty" classname="com.hexaware.trainer.EmployTest" time="0.021"/>
  <testcase name="testListById" classname="com.hexaware.trainer.EmployTest" time="0.056"/>
</testsuite>