<?xml version="1.0" encoding="UTF-8"?>
<testsuite xmlns:xsi="http://www.w3.org/2001/XMLSchema-instance" xsi:noNamespaceSchemaLocation="https://maven.apache.org/surefire/maven-surefire-plugin/xsd/surefire-test-report.xsd" name="com.hexaware.trainer.DemoTest" time="0.049" tests="8" errors="0" skipped="0" failures="0">
  <properties>
[...]
</properties>
  <testcase name="testEvenOdd" classname="com.hexaware.trainer.DemoTest" time="0.007"/>
  <testcase name="testSum" classname="com.hexaware.trainer.DemoTest" time="0.003"/>
  <testcase name="testSayHello" classname="com.hexaware.trainer.DemoTest" time="0.007"/>
  <testcase name="testArray" classname="com.hexaware.trainer.DemoTest" time="0.003"/>
  <testcase name="testMax3" classname="com.hexaware.trainer.DemoTest" time="0.006"/>
  <testcase name="testValidate" classname="com.hexaware.trainer.DemoTest" time="0.006"/>
  <testcase name="testMinArray" classname="com.hexaware.trainer.DemoTest" time="0.004"/>
  <testcase name="testPropertyList" classname="com.hexaware.trainer.DemoTest" time="0.006"/>
</testsuite>